{
  "stats": {
    "suites": 1,
    "tests": 2,
    "passes": 1,
    "pending": 0,
    "failures": 1,
    "start": "2024-10-29T09:27:48.335Z",
    "end": "2024-10-29T09:29:00.161Z",
    "duration": 71826,
    "testsRegistered": 2,
    "passPercent": 50,
    "pendingPercent": 0,
    "other": 0,
    "hasOther": false,
    "skipped": 0,
    "hasSkipped": false
  },
  "results": [
    {
      "uuid": "ce1d3279-cd02-49db-a1ec-a17ada6f697b",
      "title": "",
      "fullFile": "cypress\\e2e\\CreatPatient.cy.js",
      "file": "cypress\\e2e\\CreatPatient.cy.js",
      "beforeHooks": [],
      "afterHooks": [],
      "tests": [],
      "suites": [
        {
          "uuid": "8fa8c7fe-f9a8-4cc6-ab47-c596854ec153",
          "title": "Creating Patient Test Case",
          "fullFile": "",
          "file": "",
          "beforeHooks": [],
          "afterHooks": [],
          "tests": [
            {
              "title": "Creating Patient",
              "fullTitle": "Creating Patient Test Case Creating Patient",
              "timedOut": null,
              "duration": 4373,
              "state": "passed",
              "speed": "fast",
              "pass": true,
              "fail": false,
              "pending": false,
              "context": null,
              "code": "loginPage.enterUsername('demo');\nloginPage.enterPassword('demo');\nloginPage.ClickLoginButton();\ncy.contains('Patients').click();\ncy.contains('Create New').click();\nformfiller.enterGivenName('Prince');\nformfiller.enterFamilyName('Okumo');\n//formfiller.enterFurtherGivenNames('Jr')\n//formfiller.enterAddress('leppavara')\nformfiller.ClickCreateButton();",
              "err": {},
              "uuid": "5ae4b2b7-dbc8-477a-943f-b705a904c9eb",
              "parentUUID": "8fa8c7fe-f9a8-4cc6-ab47-c596854ec153",
              "isHook": false,
              "skipped": false
            },
            {
              "title": "Back to list Test",
              "fullTitle": "Creating Patient Test Case Back to list Test",
              "timedOut": null,
              "duration": 62283,
              "state": "failed",
              "speed": null,
              "pass": false,
              "fail": true,
              "pending": false,
              "context": null,
              "code": "loginPage.enterUsername('demo');\nloginPage.enterPassword('demo');\nloginPage.ClickLoginButton();\ncy.contains('Patients').click();\ncy.contains('Create New').click();\ncy.get(':nth-child(5) > a').click();",
              "err": {
                "message": "CypressError: Timed out after waiting `60000ms` for your remote page to load.\n\nYour page did not fire its `load` event within `60000ms`.\n\nYou can try increasing the `pageLoadTimeout` value in `cypress.config.js` to wait longer.\n\nBrowsers will not fire the `load` event until all stylesheets and scripts are done downloading.\n\nWhen this `load` event occurs, Cypress will continue running commands.",
                "estack": "CypressError: Timed out after waiting `60000ms` for your remote page to load.\n\nYour page did not fire its `load` event within `60000ms`.\n\nYou can try increasing the `pageLoadTimeout` value in `cypress.config.js` to wait longer.\n\nBrowsers will not fire the `load` event until all stylesheets and scripts are done downloading.\n\nWhen this `load` event occurs, Cypress will continue running commands.\n    at timedOutWaitingForPageLoad (http://localhost:5044/__cypress/runner/cypress_runner.js:130482:64)\n    at <unknown> (http://localhost:5044/__cypress/runner/cypress_runner.js:130798:16)\n    at tryCatcher (http://localhost:5044/__cypress/runner/cypress_runner.js:1807:23)\n    at <unknown> (http://localhost:5044/__cypress/runner/cypress_runner.js:4186:41)\n    at tryCatcher (http://localhost:5044/__cypress/runner/cypress_runner.js:1807:23)\n    at Promise._settlePromiseFromHandler (http://localhost:5044/__cypress/runner/cypress_runner.js:1519:31)\n    at Promise._settlePromise (http://localhost:5044/__cypress/runner/cypress_runner.js:1576:18)\n    at Promise._settlePromise0 (http://localhost:5044/__cypress/runner/cypress_runner.js:1621:10)\n    at Promise._settlePromises (http://localhost:5044/__cypress/runner/cypress_runner.js:1697:18)\n    at _drainQueueStep (http://localhost:5044/__cypress/runner/cypress_runner.js:2407:12)\n    at _drainQueue (http://localhost:5044/__cypress/runner/cypress_runner.js:2400:9)\n    at Async._drainQueues (http://localhost:5044/__cypress/runner/cypress_runner.js:2416:5)\n    at Async.drainQueues (http://localhost:5044/__cypress/runner/cypress_runner.js:2286:14)",
                "diff": null
              },
              "uuid": "a219efbf-778d-432e-8803-cd91dee2ba8d",
              "parentUUID": "8fa8c7fe-f9a8-4cc6-ab47-c596854ec153",
              "isHook": false,
              "skipped": false
            }
          ],
          "suites": [],
          "passes": [
            "5ae4b2b7-dbc8-477a-943f-b705a904c9eb"
          ],
          "failures": [
            "a219efbf-778d-432e-8803-cd91dee2ba8d"
          ],
          "pending": [],
          "skipped": [],
          "duration": 66656,
          "root": false,
          "rootEmpty": false,
          "_timeout": 2000
        }
      ],
      "passes": [],
      "failures": [],
      "pending": [],
      "skipped": [],
      "duration": 0,
      "root": true,
      "rootEmpty": true,
      "_timeout": 2000
    }
  ],
  "meta": {
    "mocha": {
      "version": "7.0.1"
    },
    "mochawesome": {
      "options": {
        "quiet": false,
        "reportFilename": "[name]-[datetime]",
        "saveHtml": false,
        "saveJson": true,
        "consoleReporter": "spec",
        "useInlineDiffs": false,
        "code": true
      },
      "version": "7.1.3"
    },
    "marge": {
      "options": {
        "charts": true,
        "reportDir": "cypress/mochawesome-report",
        "reportFilename": "[name]-[datetime]",
        "overwrite": false,
        "html": false,
        "json": true
      },
      "version": "6.2.0"
    }
  }
}