{
  "stats": {
    "suites": 1,
    "tests": 1,
    "passes": 0,
    "pending": 0,
    "failures": 1,
    "start": "2024-10-29T09:26:07.943Z",
    "end": "2024-10-29T09:26:09.654Z",
    "duration": 1711,
    "testsRegistered": 2,
    "passPercent": 0,
    "pendingPercent": 0,
    "other": 0,
    "hasOther": false,
    "skipped": 1,
    "hasSkipped": true
  },
  "results": [
    {
      "uuid": "8243f45a-a5ea-4357-a3ac-fbbb8b0c0ceb",
      "title": "",
      "fullFile": "cypress\\e2e\\CreatPatient.cy.js",
      "file": "cypress\\e2e\\CreatPatient.cy.js",
      "beforeHooks": [],
      "afterHooks": [],
      "tests": [],
      "suites": [
        {
          "uuid": "e2d74a88-df40-46a1-9874-4e99e7663687",
          "title": "Creating Patient Test Case",
          "fullFile": "",
          "file": "",
          "beforeHooks": [],
          "afterHooks": [],
          "tests": [
            {
              "title": "Creating Patient",
              "fullTitle": "Creating Patient Test Case Creating Patient",
              "timedOut": null,
              "duration": 1464,
              "state": "failed",
              "speed": null,
              "pass": false,
              "fail": true,
              "pending": false,
              "context": null,
              "code": "loginPage.enterUsername('demo');\nloginPage.enterPassword('demo');\nloginPage.ClickLoginButton();\ncy.contains('Patients').click();\ncy.contains('Create New').click();\nformfiller.enterGivenName('Prince');\nformfiller.enterFamilyName('Okumo');\n//formfiller.enterFurtherGivenNames('Jr')\n//formfiller.enterAddress('leppavara')\nformfiller.ClickCreateButton();",
              "err": {
                "message": "CypressError: `cy.visit()` failed trying to load:\n\nhttp://localhost:5044/Home/Login\n\nWe attempted to make an http request to this URL but the request failed without a response.\n\nWe received this error at the network level:\n\n  > Error: connect ECONNREFUSED 127.0.0.1:5044\n\nCommon situations why this would fail:\n  - you don't have internet access\n  - you forgot to run / boot your web server\n  - your web server isn't accessible\n  - you have weird network configuration settings on your computer\n\nBecause this error occurred during a `before each` hook we are skipping the remaining tests in the current suite: `Creating Patient Test Case`",
                "estack": "CypressError: `cy.visit()` failed trying to load:\n\nhttp://localhost:5044/Home/Login\n\nWe attempted to make an http request to this URL but the request failed without a response.\n\nWe received this error at the network level:\n\n  > Error: connect ECONNREFUSED 127.0.0.1:5044\n\nCommon situations why this would fail:\n  - you don't have internet access\n  - you forgot to run / boot your web server\n  - your web server isn't accessible\n  - you have weird network configuration settings on your computer\n\nBecause this error occurred during a `before each` hook we are skipping the remaining tests in the current suite: `Creating Patient Test Case`\n    at <unknown> (http://localhost:56758/__cypress/runner/cypress_runner.js:131450:74)\n    at visitFailedByErr (http://localhost:56758/__cypress/runner/cypress_runner.js:130849:12)\n    at <unknown> (http://localhost:56758/__cypress/runner/cypress_runner.js:131449:11)\n    at tryCatcher (http://localhost:56758/__cypress/runner/cypress_runner.js:1807:23)\n    at Promise._settlePromiseFromHandler (http://localhost:56758/__cypress/runner/cypress_runner.js:1519:31)\n    at Promise._settlePromise (http://localhost:56758/__cypress/runner/cypress_runner.js:1576:18)\n    at Promise._settlePromise0 (http://localhost:56758/__cypress/runner/cypress_runner.js:1621:10)\n    at Promise._settlePromises (http://localhost:56758/__cypress/runner/cypress_runner.js:1697:18)\n    at _drainQueueStep (http://localhost:56758/__cypress/runner/cypress_runner.js:2407:12)\n    at _drainQueue (http://localhost:56758/__cypress/runner/cypress_runner.js:2400:9)\n    at Async._drainQueues (http://localhost:56758/__cypress/runner/cypress_runner.js:2416:5)\n    at Async.drainQueues (http://localhost:56758/__cypress/runner/cypress_runner.js:2286:14)\nFrom Your Spec Code:\n    at Context.eval (webpack://automated/./cypress/e2e/CreatPatient.cy.js:10:11)\n\nFrom Node.js Internals:\n  Error: connect ECONNREFUSED 127.0.0.1:5044\n      at TCPConnectWrap.afterConnect [as oncomplete] (node:net:1495:16)",
                "diff": null
              },
              "uuid": "10190c95-3dd9-4e70-a82f-f662c08f1d1a",
              "parentUUID": "e2d74a88-df40-46a1-9874-4e99e7663687",
              "isHook": false,
              "skipped": false
            },
            {
              "title": "Back to list Test",
              "fullTitle": "Creating Patient Test Case Back to list Test",
              "timedOut": null,
              "duration": 0,
              "state": "skipped",
              "speed": null,
              "pass": false,
              "fail": false,
              "pending": false,
              "context": null,
              "code": "loginPage.enterUsername('demo');\nloginPage.enterPassword('demo');\nloginPage.ClickLoginButton();\ncy.contains('Patients').click();\ncy.contains('Create New').click();\ncy.get(':nth-child(5) > a').click();",
              "err": {},
              "uuid": "1d981f9a-d682-48e1-999d-9c81efa91d1d",
              "parentUUID": "e2d74a88-df40-46a1-9874-4e99e7663687",
              "isHook": false,
              "skipped": true
            }
          ],
          "suites": [],
          "passes": [],
          "failures": [
            "10190c95-3dd9-4e70-a82f-f662c08f1d1a"
          ],
          "pending": [],
          "skipped": [
            "1d981f9a-d682-48e1-999d-9c81efa91d1d"
          ],
          "duration": 1464,
          "root": false,
          "rootEmpty": false,
          "_timeout": 2000
        }
      ],
      "passes": [],
      "failures": [],
      "pending": [],
      "skipped": [],
      "duration": 0,
      "root": true,
      "rootEmpty": true,
      "_timeout": 2000
    }
  ],
  "meta": {
    "mocha": {
      "version": "7.0.1"
    },
    "mochawesome": {
      "options": {
        "quiet": false,
        "reportFilename": "[name]-[datetime]",
        "saveHtml": false,
        "saveJson": true,
        "consoleReporter": "spec",
        "useInlineDiffs": false,
        "code": true
      },
      "version": "7.1.3"
    },
    "marge": {
      "options": {
        "charts": true,
        "reportDir": "cypress/mochawesome-report",
        "reportFilename": "[name]-[datetime]",
        "overwrite": false,
        "html": false,
        "json": true
      },
      "version": "6.2.0"
    }
  }
}