{
  "stats": {
    "suites": 1,
    "tests": 2,
    "passes": 2,
    "pending": 0,
    "failures": 0,
    "start": "2024-10-29T09:09:31.025Z",
    "end": "2024-10-29T09:09:42.120Z",
    "duration": 11095,
    "testsRegistered": 2,
    "passPercent": 100,
    "pendingPercent": 0,
    "other": 0,
    "hasOther": false,
    "skipped": 0,
    "hasSkipped": false
  },
  "results": [
    {
      "uuid": "0cd8b292-1172-41c7-8641-3b0e17b7a9be",
      "title": "",
      "fullFile": "cypress\\e2e\\CreatPatient.cy.js",
      "file": "cypress\\e2e\\CreatPatient.cy.js",
      "beforeHooks": [],
      "afterHooks": [],
      "tests": [],
      "suites": [
        {
          "uuid": "9e3c91bf-b302-4466-a6da-84d4df4e5eae",
          "title": "Creating Patient Test Case",
          "fullFile": "",
          "file": "",
          "beforeHooks": [],
          "afterHooks": [],
          "tests": [
            {
              "title": "Creating Patient",
              "fullTitle": "Creating Patient Test Case Creating Patient",
              "timedOut": null,
              "duration": 4828,
              "state": "passed",
              "speed": "fast",
              "pass": true,
              "fail": false,
              "pending": false,
              "context": null,
              "code": "loginPage.enterUsername('demo');\nloginPage.enterPassword('demo');\nloginPage.ClickLoginButton();\ncy.contains('Patients').click();\ncy.contains('Create New').click();\nformfiller.enterGivenName('Prince');\nformfiller.enterFamilyName('Okumo');\n//formfiller.enterFurtherGivenNames('Jr')\n//formfiller.enterAddress('leppavara')\nformfiller.ClickCreateButton();",
              "err": {},
              "uuid": "115c0fc9-df79-4470-aabd-4e5cf2dd2c56",
              "parentUUID": "9e3c91bf-b302-4466-a6da-84d4df4e5eae",
              "isHook": false,
              "skipped": false
            },
            {
              "title": "Back to list Test",
              "fullTitle": "Creating Patient Test Case Back to list Test",
              "timedOut": null,
              "duration": 1862,
              "state": "passed",
              "speed": "fast",
              "pass": true,
              "fail": false,
              "pending": false,
              "context": null,
              "code": "loginPage.enterUsername('demo');\nloginPage.enterPassword('demo');\nloginPage.ClickLoginButton();\ncy.contains('Patients').click();\ncy.contains('Create New').click();\ncy.get(':nth-child(5) > a').click();",
              "err": {},
              "uuid": "19cb2a13-87f8-4bcb-b6e2-b7c3f7fa5152",
              "parentUUID": "9e3c91bf-b302-4466-a6da-84d4df4e5eae",
              "isHook": false,
              "skipped": false
            }
          ],
          "suites": [],
          "passes": [
            "115c0fc9-df79-4470-aabd-4e5cf2dd2c56",
            "19cb2a13-87f8-4bcb-b6e2-b7c3f7fa5152"
          ],
          "failures": [],
          "pending": [],
          "skipped": [],
          "duration": 6690,
          "root": false,
          "rootEmpty": false,
          "_timeout": 2000
        }
      ],
      "passes": [],
      "failures": [],
      "pending": [],
      "skipped": [],
      "duration": 0,
      "root": true,
      "rootEmpty": true,
      "_timeout": 2000
    }
  ],
  "meta": {
    "mocha": {
      "version": "7.0.1"
    },
    "mochawesome": {
      "options": {
        "quiet": false,
        "reportFilename": "[name]-[datetime]",
        "saveHtml": false,
        "saveJson": true,
        "consoleReporter": "spec",
        "useInlineDiffs": false,
        "code": true
      },
      "version": "7.1.3"
    },
    "marge": {
      "options": {
        "charts": true,
        "reportDir": "cypress/mochawesome-report",
        "reportFilename": "[name]-[datetime]",
        "overwrite": false,
        "html": false,
        "json": true
      },
      "version": "6.2.0"
    }
  }
}