{
  "stats": {
    "suites": 1,
    "tests": 2,
    "passes": 2,
    "pending": 0,
    "failures": 0,
    "start": "2024-10-29T09:09:47.309Z",
    "end": "2024-10-29T09:09:55.825Z",
    "duration": 8516,
    "testsRegistered": 2,
    "passPercent": 100,
    "pendingPercent": 0,
    "other": 0,
    "hasOther": false,
    "skipped": 0,
    "hasSkipped": false
  },
  "results": [
    {
      "uuid": "57c72430-2fce-484a-bdb3-e33120ddde9a",
      "title": "",
      "fullFile": "cypress\\e2e\\EditPatient.cy.js",
      "file": "cypress\\e2e\\EditPatient.cy.js",
      "beforeHooks": [],
      "afterHooks": [],
      "tests": [],
      "suites": [
        {
          "uuid": "993f3700-b807-458e-a0da-20b4f76b413a",
          "title": "Editing Patient Test Case",
          "fullFile": "",
          "file": "",
          "beforeHooks": [],
          "afterHooks": [],
          "tests": [
            {
              "title": "Edit Patient",
              "fullTitle": "Editing Patient Test Case Edit Patient",
              "timedOut": null,
              "duration": 2306,
              "state": "passed",
              "speed": "fast",
              "pass": true,
              "fail": false,
              "pending": false,
              "context": null,
              "code": "loginPage.enterUsername('demo');\nloginPage.enterPassword('demo');\nloginPage.ClickLoginButton();\ncy.contains('Patients').click();\ncy.get(':nth-child(2) > :nth-child(6) > a').click();\ncy.contains('GivenName').should('have.text', 'GivenName');\ncy.contains('FamilyName').should('have.text', 'FamilyName');\n// cy.get(':nth-child(4) > .control-label').should('have.text', 'FurtherGivenNames')\ncy.contains('DateOfBirth').should('have.text', 'DateOfBirth');\ncy.contains('AdministrativeGender').should('have.text', 'AdministrativeGender');\n// cy.contains('Address').should('have.text', 'Address')",
              "err": {},
              "uuid": "efef7aae-ff53-44e4-b841-3b184542d9a3",
              "parentUUID": "993f3700-b807-458e-a0da-20b4f76b413a",
              "isHook": false,
              "skipped": false
            },
            {
              "title": "Back to list Test",
              "fullTitle": "Editing Patient Test Case Back to list Test",
              "timedOut": null,
              "duration": 2009,
              "state": "passed",
              "speed": "fast",
              "pass": true,
              "fail": false,
              "pending": false,
              "context": null,
              "code": "loginPage.enterUsername('demo');\nloginPage.enterPassword('demo');\nloginPage.ClickLoginButton();\ncy.contains('Patients').click();\ncy.get(':nth-child(2) > :nth-child(6) > a').click();\ncy.contains('Back to List').click();",
              "err": {},
              "uuid": "850d1662-256b-43c6-8046-0db9c8f623b9",
              "parentUUID": "993f3700-b807-458e-a0da-20b4f76b413a",
              "isHook": false,
              "skipped": false
            }
          ],
          "suites": [],
          "passes": [
            "efef7aae-ff53-44e4-b841-3b184542d9a3",
            "850d1662-256b-43c6-8046-0db9c8f623b9"
          ],
          "failures": [],
          "pending": [],
          "skipped": [],
          "duration": 4315,
          "root": false,
          "rootEmpty": false,
          "_timeout": 2000
        }
      ],
      "passes": [],
      "failures": [],
      "pending": [],
      "skipped": [],
      "duration": 0,
      "root": true,
      "rootEmpty": true,
      "_timeout": 2000
    }
  ],
  "meta": {
    "mocha": {
      "version": "7.0.1"
    },
    "mochawesome": {
      "options": {
        "quiet": false,
        "reportFilename": "[name]-[datetime]",
        "saveHtml": false,
        "saveJson": true,
        "consoleReporter": "spec",
        "useInlineDiffs": false,
        "code": true
      },
      "version": "7.1.3"
    },
    "marge": {
      "options": {
        "charts": true,
        "reportDir": "cypress/mochawesome-report",
        "reportFilename": "[name]-[datetime]",
        "overwrite": false,
        "html": false,
        "json": true
      },
      "version": "6.2.0"
    }
  }
}