{
  "stats": {
    "suites": 1,
    "tests": 1,
    "passes": 0,
    "pending": 0,
    "failures": 1,
    "start": "2024-10-29T09:26:14.415Z",
    "end": "2024-10-29T09:26:15.793Z",
    "duration": 1378,
    "testsRegistered": 2,
    "passPercent": 0,
    "pendingPercent": 0,
    "other": 0,
    "hasOther": false,
    "skipped": 1,
    "hasSkipped": true
  },
  "results": [
    {
      "uuid": "993e2f1c-3c1a-48c9-ab41-b9e671a2c043",
      "title": "",
      "fullFile": "cypress\\e2e\\EditPatient.cy.js",
      "file": "cypress\\e2e\\EditPatient.cy.js",
      "beforeHooks": [],
      "afterHooks": [],
      "tests": [],
      "suites": [
        {
          "uuid": "44f4de45-6e00-4330-a8a3-b8e4f74c21d0",
          "title": "Editing Patient Test Case",
          "fullFile": "",
          "file": "",
          "beforeHooks": [],
          "afterHooks": [],
          "tests": [
            {
              "title": "Edit Patient",
              "fullTitle": "Editing Patient Test Case Edit Patient",
              "timedOut": null,
              "duration": 1166,
              "state": "failed",
              "speed": null,
              "pass": false,
              "fail": true,
              "pending": false,
              "context": null,
              "code": "loginPage.enterUsername('demo');\nloginPage.enterPassword('demo');\nloginPage.ClickLoginButton();\ncy.contains('Patients').click();\ncy.get(':nth-child(2) > :nth-child(6) > a').click();\ncy.contains('GivenName').should('have.text', 'GivenName');\ncy.contains('FamilyName').should('have.text', 'FamilyName');\n// cy.get(':nth-child(4) > .control-label').should('have.text', 'FurtherGivenNames')\ncy.contains('DateOfBirth').should('have.text', 'DateOfBirth');\ncy.contains('AdministrativeGender').should('have.text', 'AdministrativeGender');\n// cy.contains('Address').should('have.text', 'Address')",
              "err": {
                "message": "CypressError: `cy.visit()` failed trying to load:\n\nhttp://localhost:5044/Home/Login\n\nWe attempted to make an http request to this URL but the request failed without a response.\n\nWe received this error at the network level:\n\n  > Error: connect ECONNREFUSED 127.0.0.1:5044\n\nCommon situations why this would fail:\n  - you don't have internet access\n  - you forgot to run / boot your web server\n  - your web server isn't accessible\n  - you have weird network configuration settings on your computer\n\nBecause this error occurred during a `before each` hook we are skipping the remaining tests in the current suite: `Editing Patient Test Case`",
                "estack": "CypressError: `cy.visit()` failed trying to load:\n\nhttp://localhost:5044/Home/Login\n\nWe attempted to make an http request to this URL but the request failed without a response.\n\nWe received this error at the network level:\n\n  > Error: connect ECONNREFUSED 127.0.0.1:5044\n\nCommon situations why this would fail:\n  - you don't have internet access\n  - you forgot to run / boot your web server\n  - your web server isn't accessible\n  - you have weird network configuration settings on your computer\n\nBecause this error occurred during a `before each` hook we are skipping the remaining tests in the current suite: `Editing Patient Test Case`\n    at <unknown> (http://localhost:56758/__cypress/runner/cypress_runner.js:131450:74)\n    at visitFailedByErr (http://localhost:56758/__cypress/runner/cypress_runner.js:130849:12)\n    at <unknown> (http://localhost:56758/__cypress/runner/cypress_runner.js:131449:11)\n    at tryCatcher (http://localhost:56758/__cypress/runner/cypress_runner.js:1807:23)\n    at Promise._settlePromiseFromHandler (http://localhost:56758/__cypress/runner/cypress_runner.js:1519:31)\n    at Promise._settlePromise (http://localhost:56758/__cypress/runner/cypress_runner.js:1576:18)\n    at Promise._settlePromise0 (http://localhost:56758/__cypress/runner/cypress_runner.js:1621:10)\n    at Promise._settlePromises (http://localhost:56758/__cypress/runner/cypress_runner.js:1697:18)\n    at _drainQueueStep (http://localhost:56758/__cypress/runner/cypress_runner.js:2407:12)\n    at _drainQueue (http://localhost:56758/__cypress/runner/cypress_runner.js:2400:9)\n    at Async._drainQueues (http://localhost:56758/__cypress/runner/cypress_runner.js:2416:5)\n    at Async.drainQueues (http://localhost:56758/__cypress/runner/cypress_runner.js:2286:14)\nFrom Your Spec Code:\n    at Context.eval (webpack://automated/./cypress/e2e/EditPatient.cy.js:10:11)\n\nFrom Node.js Internals:\n  Error: connect ECONNREFUSED 127.0.0.1:5044\n      at TCPConnectWrap.afterConnect [as oncomplete] (node:net:1495:16)",
                "diff": null
              },
              "uuid": "588fc0c5-6367-4800-9140-38d6e22ed85a",
              "parentUUID": "44f4de45-6e00-4330-a8a3-b8e4f74c21d0",
              "isHook": false,
              "skipped": false
            },
            {
              "title": "Back to list Test",
              "fullTitle": "Editing Patient Test Case Back to list Test",
              "timedOut": null,
              "duration": 0,
              "state": "skipped",
              "speed": null,
              "pass": false,
              "fail": false,
              "pending": false,
              "context": null,
              "code": "loginPage.enterUsername('demo');\nloginPage.enterPassword('demo');\nloginPage.ClickLoginButton();\ncy.contains('Patients').click();\ncy.get(':nth-child(2) > :nth-child(6) > a').click();\ncy.contains('Back to List').click();",
              "err": {},
              "uuid": "c7208a65-42f9-45cd-8f3e-10f9236c423b",
              "parentUUID": "44f4de45-6e00-4330-a8a3-b8e4f74c21d0",
              "isHook": false,
              "skipped": true
            }
          ],
          "suites": [],
          "passes": [],
          "failures": [
            "588fc0c5-6367-4800-9140-38d6e22ed85a"
          ],
          "pending": [],
          "skipped": [
            "c7208a65-42f9-45cd-8f3e-10f9236c423b"
          ],
          "duration": 1166,
          "root": false,
          "rootEmpty": false,
          "_timeout": 2000
        }
      ],
      "passes": [],
      "failures": [],
      "pending": [],
      "skipped": [],
      "duration": 0,
      "root": true,
      "rootEmpty": true,
      "_timeout": 2000
    }
  ],
  "meta": {
    "mocha": {
      "version": "7.0.1"
    },
    "mochawesome": {
      "options": {
        "quiet": false,
        "reportFilename": "[name]-[datetime]",
        "saveHtml": false,
        "saveJson": true,
        "consoleReporter": "spec",
        "useInlineDiffs": false,
        "code": true
      },
      "version": "7.1.3"
    },
    "marge": {
      "options": {
        "charts": true,
        "reportDir": "cypress/mochawesome-report",
        "reportFilename": "[name]-[datetime]",
        "overwrite": false,
        "html": false,
        "json": true
      },
      "version": "6.2.0"
    }
  }
}