{
  "stats": {
    "suites": 1,
    "tests": 2,
    "passes": 2,
    "pending": 0,
    "failures": 0,
    "start": "2024-10-29T09:29:05.909Z",
    "end": "2024-10-29T09:29:14.583Z",
    "duration": 8674,
    "testsRegistered": 2,
    "passPercent": 100,
    "pendingPercent": 0,
    "other": 0,
    "hasOther": false,
    "skipped": 0,
    "hasSkipped": false
  },
  "results": [
    {
      "uuid": "f16aa28a-e4d2-47fd-aa92-55e128055674",
      "title": "",
      "fullFile": "cypress\\e2e\\EditPatient.cy.js",
      "file": "cypress\\e2e\\EditPatient.cy.js",
      "beforeHooks": [],
      "afterHooks": [],
      "tests": [],
      "suites": [
        {
          "uuid": "68351f72-0c7b-49dc-af70-a6fb791d29c5",
          "title": "Editing Patient Test Case",
          "fullFile": "",
          "file": "",
          "beforeHooks": [],
          "afterHooks": [],
          "tests": [
            {
              "title": "Edit Patient",
              "fullTitle": "Editing Patient Test Case Edit Patient",
              "timedOut": null,
              "duration": 2373,
              "state": "passed",
              "speed": "fast",
              "pass": true,
              "fail": false,
              "pending": false,
              "context": null,
              "code": "loginPage.enterUsername('demo');\nloginPage.enterPassword('demo');\nloginPage.ClickLoginButton();\ncy.contains('Patients').click();\ncy.get(':nth-child(2) > :nth-child(6) > a').click();\ncy.contains('GivenName').should('have.text', 'GivenName');\ncy.contains('FamilyName').should('have.text', 'FamilyName');\n// cy.get(':nth-child(4) > .control-label').should('have.text', 'FurtherGivenNames')\ncy.contains('DateOfBirth').should('have.text', 'DateOfBirth');\ncy.contains('AdministrativeGender').should('have.text', 'AdministrativeGender');\n// cy.contains('Address').should('have.text', 'Address')",
              "err": {},
              "uuid": "38a1f584-517e-4121-8422-157c35c2a8ad",
              "parentUUID": "68351f72-0c7b-49dc-af70-a6fb791d29c5",
              "isHook": false,
              "skipped": false
            },
            {
              "title": "Back to list Test",
              "fullTitle": "Editing Patient Test Case Back to list Test",
              "timedOut": null,
              "duration": 2157,
              "state": "passed",
              "speed": "fast",
              "pass": true,
              "fail": false,
              "pending": false,
              "context": null,
              "code": "loginPage.enterUsername('demo');\nloginPage.enterPassword('demo');\nloginPage.ClickLoginButton();\ncy.contains('Patients').click();\ncy.get(':nth-child(2) > :nth-child(6) > a').click();\ncy.contains('Back to List').click();",
              "err": {},
              "uuid": "6fda5d55-af9a-414d-b75d-a3a52423e497",
              "parentUUID": "68351f72-0c7b-49dc-af70-a6fb791d29c5",
              "isHook": false,
              "skipped": false
            }
          ],
          "suites": [],
          "passes": [
            "38a1f584-517e-4121-8422-157c35c2a8ad",
            "6fda5d55-af9a-414d-b75d-a3a52423e497"
          ],
          "failures": [],
          "pending": [],
          "skipped": [],
          "duration": 4530,
          "root": false,
          "rootEmpty": false,
          "_timeout": 2000
        }
      ],
      "passes": [],
      "failures": [],
      "pending": [],
      "skipped": [],
      "duration": 0,
      "root": true,
      "rootEmpty": true,
      "_timeout": 2000
    }
  ],
  "meta": {
    "mocha": {
      "version": "7.0.1"
    },
    "mochawesome": {
      "options": {
        "quiet": false,
        "reportFilename": "[name]-[datetime]",
        "saveHtml": false,
        "saveJson": true,
        "consoleReporter": "spec",
        "useInlineDiffs": false,
        "code": true
      },
      "version": "7.1.3"
    },
    "marge": {
      "options": {
        "charts": true,
        "reportDir": "cypress/mochawesome-report",
        "reportFilename": "[name]-[datetime]",
        "overwrite": false,
        "html": false,
        "json": true
      },
      "version": "6.2.0"
    }
  }
}