{
  "stats": {
    "suites": 1,
    "tests": 3,
    "passes": 3,
    "pending": 0,
    "failures": 0,
    "start": "2024-10-29T09:29:19.916Z",
    "end": "2024-10-29T09:29:27.431Z",
    "duration": 7515,
    "testsRegistered": 3,
    "passPercent": 100,
    "pendingPercent": 0,
    "other": 0,
    "hasOther": false,
    "skipped": 0,
    "hasSkipped": false
  },
  "results": [
    {
      "uuid": "ff03d6a4-7dd8-4519-8773-b4f113a7ee97",
      "title": "",
      "fullFile": "cypress\\e2e\\LoginTests.cy.js",
      "file": "cypress\\e2e\\LoginTests.cy.js",
      "beforeHooks": [],
      "afterHooks": [],
      "tests": [],
      "suites": [
        {
          "uuid": "a073306e-0b2a-43a1-9c87-ac571d506d9e",
          "title": "All login test list",
          "fullFile": "",
          "file": "",
          "beforeHooks": [],
          "afterHooks": [],
          "tests": [
            {
              "title": "Login test with valid Credentials",
              "fullTitle": "All login test list Login test with valid Credentials",
              "timedOut": null,
              "duration": 1576,
              "state": "passed",
              "speed": "fast",
              "pass": true,
              "fail": false,
              "pending": false,
              "context": null,
              "code": "loginPage.enterUsername('demo');\nloginPage.enterPassword('demo');\nloginPage.ClickLoginButton();",
              "err": {},
              "uuid": "3b5d4711-4e27-4571-8816-2de963f9d9f4",
              "parentUUID": "a073306e-0b2a-43a1-9c87-ac571d506d9e",
              "isHook": false,
              "skipped": false
            },
            {
              "title": "Login test with invalid Credentials",
              "fullTitle": "All login test list Login test with invalid Credentials",
              "timedOut": null,
              "duration": 1172,
              "state": "passed",
              "speed": "fast",
              "pass": true,
              "fail": false,
              "pending": false,
              "context": null,
              "code": "loginPage.enterUsername('demo');\nloginPage.enterPassword('demothet');\nloginPage.ClickLoginButton();\ncy.contains('Incorrect username or password.');",
              "err": {},
              "uuid": "7a61bbd2-9a29-4ed4-9919-8cddcf032b56",
              "parentUUID": "a073306e-0b2a-43a1-9c87-ac571d506d9e",
              "isHook": false,
              "skipped": false
            },
            {
              "title": "Login test with No Credentials",
              "fullTitle": "All login test list Login test with No Credentials",
              "timedOut": null,
              "duration": 569,
              "state": "passed",
              "speed": "fast",
              "pass": true,
              "fail": false,
              "pending": false,
              "context": null,
              "code": "loginPage.ClickLoginButton();\ncy.contains('You must provide a username and a password.');",
              "err": {},
              "uuid": "af6f69f8-22e0-4bc6-bf80-96e7c1d8bcc7",
              "parentUUID": "a073306e-0b2a-43a1-9c87-ac571d506d9e",
              "isHook": false,
              "skipped": false
            }
          ],
          "suites": [],
          "passes": [
            "3b5d4711-4e27-4571-8816-2de963f9d9f4",
            "7a61bbd2-9a29-4ed4-9919-8cddcf032b56",
            "af6f69f8-22e0-4bc6-bf80-96e7c1d8bcc7"
          ],
          "failures": [],
          "pending": [],
          "skipped": [],
          "duration": 3317,
          "root": false,
          "rootEmpty": false,
          "_timeout": 2000
        }
      ],
      "passes": [],
      "failures": [],
      "pending": [],
      "skipped": [],
      "duration": 0,
      "root": true,
      "rootEmpty": true,
      "_timeout": 2000
    }
  ],
  "meta": {
    "mocha": {
      "version": "7.0.1"
    },
    "mochawesome": {
      "options": {
        "quiet": false,
        "reportFilename": "[name]-[datetime]",
        "saveHtml": false,
        "saveJson": true,
        "consoleReporter": "spec",
        "useInlineDiffs": false,
        "code": true
      },
      "version": "7.1.3"
    },
    "marge": {
      "options": {
        "charts": true,
        "reportDir": "cypress/mochawesome-report",
        "reportFilename": "[name]-[datetime]",
        "overwrite": false,
        "html": false,
        "json": true
      },
      "version": "6.2.0"
    }
  }
}