{
  "stats": {
    "suites": 1,
    "tests": 3,
    "passes": 3,
    "pending": 0,
    "failures": 0,
    "start": "2024-10-29T09:10:00.925Z",
    "end": "2024-10-29T09:10:07.580Z",
    "duration": 6655,
    "testsRegistered": 3,
    "passPercent": 100,
    "pendingPercent": 0,
    "other": 0,
    "hasOther": false,
    "skipped": 0,
    "hasSkipped": false
  },
  "results": [
    {
      "uuid": "76ab6fb0-7e84-4d02-8fc6-7b54c8cc6845",
      "title": "",
      "fullFile": "cypress\\e2e\\LoginTests.cy.js",
      "file": "cypress\\e2e\\LoginTests.cy.js",
      "beforeHooks": [],
      "afterHooks": [],
      "tests": [],
      "suites": [
        {
          "uuid": "739618c3-afb7-4e9a-a8c7-f81a6178a3c9",
          "title": "All login test list",
          "fullFile": "",
          "file": "",
          "beforeHooks": [],
          "afterHooks": [],
          "tests": [
            {
              "title": "Login test with valid Credentials",
              "fullTitle": "All login test list Login test with valid Credentials",
              "timedOut": null,
              "duration": 1810,
              "state": "passed",
              "speed": "fast",
              "pass": true,
              "fail": false,
              "pending": false,
              "context": null,
              "code": "loginPage.enterUsername('demo');\nloginPage.enterPassword('demo');\nloginPage.ClickLoginButton();",
              "err": {},
              "uuid": "1c6a35d9-a81f-496e-a6bf-ccc873f80d32",
              "parentUUID": "739618c3-afb7-4e9a-a8c7-f81a6178a3c9",
              "isHook": false,
              "skipped": false
            },
            {
              "title": "Login test with invalid Credentials",
              "fullTitle": "All login test list Login test with invalid Credentials",
              "timedOut": null,
              "duration": 960,
              "state": "passed",
              "speed": "fast",
              "pass": true,
              "fail": false,
              "pending": false,
              "context": null,
              "code": "loginPage.enterUsername('demo');\nloginPage.enterPassword('demothet');\nloginPage.ClickLoginButton();\ncy.contains('Incorrect username or password.');",
              "err": {},
              "uuid": "eec90af7-e113-4264-bc16-7477f16d633e",
              "parentUUID": "739618c3-afb7-4e9a-a8c7-f81a6178a3c9",
              "isHook": false,
              "skipped": false
            },
            {
              "title": "Login test with No Credentials",
              "fullTitle": "All login test list Login test with No Credentials",
              "timedOut": null,
              "duration": 427,
              "state": "passed",
              "speed": "fast",
              "pass": true,
              "fail": false,
              "pending": false,
              "context": null,
              "code": "loginPage.ClickLoginButton();\ncy.contains('You must provide a username and a password.');",
              "err": {},
              "uuid": "c8b32000-fb05-4432-b632-40e12a039128",
              "parentUUID": "739618c3-afb7-4e9a-a8c7-f81a6178a3c9",
              "isHook": false,
              "skipped": false
            }
          ],
          "suites": [],
          "passes": [
            "1c6a35d9-a81f-496e-a6bf-ccc873f80d32",
            "eec90af7-e113-4264-bc16-7477f16d633e",
            "c8b32000-fb05-4432-b632-40e12a039128"
          ],
          "failures": [],
          "pending": [],
          "skipped": [],
          "duration": 3197,
          "root": false,
          "rootEmpty": false,
          "_timeout": 2000
        }
      ],
      "passes": [],
      "failures": [],
      "pending": [],
      "skipped": [],
      "duration": 0,
      "root": true,
      "rootEmpty": true,
      "_timeout": 2000
    }
  ],
  "meta": {
    "mocha": {
      "version": "7.0.1"
    },
    "mochawesome": {
      "options": {
        "quiet": false,
        "reportFilename": "[name]-[datetime]",
        "saveHtml": false,
        "saveJson": true,
        "consoleReporter": "spec",
        "useInlineDiffs": false,
        "code": true
      },
      "version": "7.1.3"
    },
    "marge": {
      "options": {
        "charts": true,
        "reportDir": "cypress/mochawesome-report",
        "reportFilename": "[name]-[datetime]",
        "overwrite": false,
        "html": false,
        "json": true
      },
      "version": "6.2.0"
    }
  }
}