{
  "stats": {
    "suites": 1,
    "tests": 1,
    "passes": 1,
    "pending": 0,
    "failures": 0,
    "start": "2024-10-29T09:29:32.850Z",
    "end": "2024-10-29T09:29:37.941Z",
    "duration": 5091,
    "testsRegistered": 1,
    "passPercent": 100,
    "pendingPercent": 0,
    "other": 0,
    "hasOther": false,
    "skipped": 0,
    "hasSkipped": false
  },
  "results": [
    {
      "uuid": "52a87489-e3a1-4aec-99dd-a86100b5052f",
      "title": "",
      "fullFile": "cypress\\e2e\\StartApp.cy.js",
      "file": "cypress\\e2e\\StartApp.cy.js",
      "beforeHooks": [],
      "afterHooks": [],
      "tests": [],
      "suites": [
        {
          "uuid": "71df74c8-e1e9-407d-af3a-18f114a39ad3",
          "title": "Application Started",
          "fullFile": "",
          "file": "",
          "beforeHooks": [],
          "afterHooks": [],
          "tests": [
            {
              "title": "Has Application Started",
              "fullTitle": "Application Started Has Application Started",
              "timedOut": null,
              "duration": 581,
              "state": "passed",
              "speed": "fast",
              "pass": true,
              "fail": false,
              "pending": false,
              "context": null,
              "code": "cy.log('Checking if application has started');\ncy.visit('http://localhost:5044/Home/Login');",
              "err": {},
              "uuid": "5a349004-4af7-4b6c-a7cf-fdedc67925d2",
              "parentUUID": "71df74c8-e1e9-407d-af3a-18f114a39ad3",
              "isHook": false,
              "skipped": false
            }
          ],
          "suites": [],
          "passes": [
            "5a349004-4af7-4b6c-a7cf-fdedc67925d2"
          ],
          "failures": [],
          "pending": [],
          "skipped": [],
          "duration": 581,
          "root": false,
          "rootEmpty": false,
          "_timeout": 2000
        }
      ],
      "passes": [],
      "failures": [],
      "pending": [],
      "skipped": [],
      "duration": 0,
      "root": true,
      "rootEmpty": true,
      "_timeout": 2000
    }
  ],
  "meta": {
    "mocha": {
      "version": "7.0.1"
    },
    "mochawesome": {
      "options": {
        "quiet": false,
        "reportFilename": "[name]-[datetime]",
        "saveHtml": false,
        "saveJson": true,
        "consoleReporter": "spec",
        "useInlineDiffs": false,
        "code": true
      },
      "version": "7.1.3"
    },
    "marge": {
      "options": {
        "charts": true,
        "reportDir": "cypress/mochawesome-report",
        "reportFilename": "[name]-[datetime]",
        "overwrite": false,
        "html": false,
        "json": true
      },
      "version": "6.2.0"
    }
  }
}