{
  "stats": {
    "suites": 1,
    "tests": 1,
    "passes": 0,
    "pending": 0,
    "failures": 1,
    "start": "2024-10-29T09:26:26.678Z",
    "end": "2024-10-29T09:26:27.939Z",
    "duration": 1261,
    "testsRegistered": 1,
    "passPercent": 0,
    "pendingPercent": 0,
    "other": 0,
    "hasOther": false,
    "skipped": 0,
    "hasSkipped": false
  },
  "results": [
    {
      "uuid": "311b0659-e124-48ce-9379-f8280b732c4c",
      "title": "",
      "fullFile": "cypress\\e2e\\StartApp.cy.js",
      "file": "cypress\\e2e\\StartApp.cy.js",
      "beforeHooks": [],
      "afterHooks": [],
      "tests": [],
      "suites": [
        {
          "uuid": "c1e78e24-7a7f-4cd1-ad7d-976a621b137a",
          "title": "Application Started",
          "fullFile": "",
          "file": "",
          "beforeHooks": [],
          "afterHooks": [],
          "tests": [
            {
              "title": "Has Application Started",
              "fullTitle": "Application Started Has Application Started",
              "timedOut": null,
              "duration": 1085,
              "state": "failed",
              "speed": null,
              "pass": false,
              "fail": true,
              "pending": false,
              "context": null,
              "code": "cy.log('Checking if application has started');\ncy.visit('http://localhost:5044/Home/Login');",
              "err": {
                "message": "CypressError: `cy.visit()` failed trying to load:\n\nhttp://localhost:5044/Home/Login\n\nWe attempted to make an http request to this URL but the request failed without a response.\n\nWe received this error at the network level:\n\n  > Error: connect ECONNREFUSED 127.0.0.1:5044\n\nCommon situations why this would fail:\n  - you don't have internet access\n  - you forgot to run / boot your web server\n  - your web server isn't accessible\n  - you have weird network configuration settings on your computer",
                "estack": "CypressError: `cy.visit()` failed trying to load:\n\nhttp://localhost:5044/Home/Login\n\nWe attempted to make an http request to this URL but the request failed without a response.\n\nWe received this error at the network level:\n\n  > Error: connect ECONNREFUSED 127.0.0.1:5044\n\nCommon situations why this would fail:\n  - you don't have internet access\n  - you forgot to run / boot your web server\n  - your web server isn't accessible\n  - you have weird network configuration settings on your computer\n    at <unknown> (http://localhost:56758/__cypress/runner/cypress_runner.js:131450:74)\n    at visitFailedByErr (http://localhost:56758/__cypress/runner/cypress_runner.js:130849:12)\n    at <unknown> (http://localhost:56758/__cypress/runner/cypress_runner.js:131449:11)\n    at tryCatcher (http://localhost:56758/__cypress/runner/cypress_runner.js:1807:23)\n    at Promise._settlePromiseFromHandler (http://localhost:56758/__cypress/runner/cypress_runner.js:1519:31)\n    at Promise._settlePromise (http://localhost:56758/__cypress/runner/cypress_runner.js:1576:18)\n    at Promise._settlePromise0 (http://localhost:56758/__cypress/runner/cypress_runner.js:1621:10)\n    at Promise._settlePromises (http://localhost:56758/__cypress/runner/cypress_runner.js:1697:18)\n    at _drainQueueStep (http://localhost:56758/__cypress/runner/cypress_runner.js:2407:12)\n    at _drainQueue (http://localhost:56758/__cypress/runner/cypress_runner.js:2400:9)\n    at Async._drainQueues (http://localhost:56758/__cypress/runner/cypress_runner.js:2416:5)\n    at Async.drainQueues (http://localhost:56758/__cypress/runner/cypress_runner.js:2286:14)\nFrom Your Spec Code:\n    at Context.eval (webpack://automated/./cypress/e2e/StartApp.cy.js:4:7)\n\nFrom Node.js Internals:\n  Error: connect ECONNREFUSED 127.0.0.1:5044\n      at TCPConnectWrap.afterConnect [as oncomplete] (node:net:1495:16)",
                "diff": null
              },
              "uuid": "bd8dbe25-d6b1-4d88-9ed4-535be465f234",
              "parentUUID": "c1e78e24-7a7f-4cd1-ad7d-976a621b137a",
              "isHook": false,
              "skipped": false
            }
          ],
          "suites": [],
          "passes": [],
          "failures": [
            "bd8dbe25-d6b1-4d88-9ed4-535be465f234"
          ],
          "pending": [],
          "skipped": [],
          "duration": 1085,
          "root": false,
          "rootEmpty": false,
          "_timeout": 2000
        }
      ],
      "passes": [],
      "failures": [],
      "pending": [],
      "skipped": [],
      "duration": 0,
      "root": true,
      "rootEmpty": true,
      "_timeout": 2000
    }
  ],
  "meta": {
    "mocha": {
      "version": "7.0.1"
    },
    "mochawesome": {
      "options": {
        "quiet": false,
        "reportFilename": "[name]-[datetime]",
        "saveHtml": false,
        "saveJson": true,
        "consoleReporter": "spec",
        "useInlineDiffs": false,
        "code": true
      },
      "version": "7.1.3"
    },
    "marge": {
      "options": {
        "charts": true,
        "reportDir": "cypress/mochawesome-report",
        "reportFilename": "[name]-[datetime]",
        "overwrite": false,
        "html": false,
        "json": true
      },
      "version": "6.2.0"
    }
  }
}