{
  "stats": {
    "suites": 1,
    "tests": 2,
    "passes": 1,
    "pending": 0,
    "failures": 1,
    "start": "2024-10-29T07:59:09.103Z",
    "end": "2024-10-29T07:59:23.218Z",
    "duration": 14115,
    "testsRegistered": 2,
    "passPercent": 50,
    "pendingPercent": 0,
    "other": 0,
    "hasOther": false,
    "skipped": 0,
    "hasSkipped": false
  },
  "results": [
    {
      "uuid": "b85ddc97-8d44-4d77-bdc4-d90a8cd70319",
      "title": "",
      "fullFile": "cypress\\e2e\\CreatPatient.cy.js",
      "file": "cypress\\e2e\\CreatPatient.cy.js",
      "beforeHooks": [],
      "afterHooks": [],
      "tests": [],
      "suites": [
        {
          "uuid": "6244a668-a42c-4fa5-8dc2-fac6d4a3bb73",
          "title": "Creating Patient Test Case",
          "fullFile": "",
          "file": "",
          "beforeHooks": [],
          "afterHooks": [],
          "tests": [
            {
              "title": "Creating Patient",
              "fullTitle": "Creating Patient Test Case Creating Patient",
              "timedOut": null,
              "duration": 4015,
              "state": "passed",
              "speed": "fast",
              "pass": true,
              "fail": false,
              "pending": false,
              "context": null,
              "code": "loginPage.enterUsername('demo');\nloginPage.enterPassword('demo');\nloginPage.ClickLoginButton();\ncy.get(':nth-child(2) > .nav-link').click();\ncy.contains('Create New').click();\nformfiller.enterGivenName('Prince');\nformfiller.enterFamilyName('Okumo');\nformfiller.enterFurtherGivenNames('Jr');\nformfiller.enterAddress('leppavara');\nformfiller.ClickCreateButton();",
              "err": {},
              "uuid": "d03093b4-f437-41fd-9154-81d9ca0320dc",
              "parentUUID": "6244a668-a42c-4fa5-8dc2-fac6d4a3bb73",
              "isHook": false,
              "skipped": false
            },
            {
              "title": "Back to list Test",
              "fullTitle": "Creating Patient Test Case Back to list Test",
              "timedOut": null,
              "duration": 6312,
              "state": "failed",
              "speed": null,
              "pass": false,
              "fail": true,
              "pending": false,
              "context": null,
              "code": "loginPage.enterUsername('demo');\nloginPage.enterPassword('demo');\nloginPage.ClickLoginButton();\ncy.get(':nth-child(2) > .nav-link').click();\ncy.contains('Create New').click();\ncy.contains('Back to list').click();",
              "err": {
                "message": "AssertionError: Timed out retrying after 4000ms: Expected to find content: 'Back to list' but never did.",
                "estack": "AssertionError: Timed out retrying after 4000ms: Expected to find content: 'Back to list' but never did.\n    at Context.eval (webpack://automated/./cypress/e2e/CreatPatient.cy.js:37:7)",
                "diff": null
              },
              "uuid": "9151c173-31ec-416c-a53c-59c511a55bb2",
              "parentUUID": "6244a668-a42c-4fa5-8dc2-fac6d4a3bb73",
              "isHook": false,
              "skipped": false
            }
          ],
          "suites": [],
          "passes": [
            "d03093b4-f437-41fd-9154-81d9ca0320dc"
          ],
          "failures": [
            "9151c173-31ec-416c-a53c-59c511a55bb2"
          ],
          "pending": [],
          "skipped": [],
          "duration": 10327,
          "root": false,
          "rootEmpty": false,
          "_timeout": 2000
        }
      ],
      "passes": [],
      "failures": [],
      "pending": [],
      "skipped": [],
      "duration": 0,
      "root": true,
      "rootEmpty": true,
      "_timeout": 2000
    }
  ],
  "meta": {
    "mocha": {
      "version": "7.0.1"
    },
    "mochawesome": {
      "options": {
        "quiet": false,
        "reportFilename": "[name]-[datetime]",
        "saveHtml": false,
        "saveJson": true,
        "consoleReporter": "spec",
        "useInlineDiffs": false,
        "code": true
      },
      "version": "7.1.3"
    },
    "marge": {
      "options": {
        "charts": true,
        "reportDir": "cypress/mochawesome-report",
        "reportFilename": "[name]-[datetime]",
        "overwrite": false,
        "html": false,
        "json": true
      },
      "version": "6.2.0"
    }
  }
}