{
  "stats": {
    "suites": 1,
    "tests": 3,
    "passes": 3,
    "pending": 0,
    "failures": 0,
    "start": "2024-10-29T07:56:57.285Z",
    "end": "2024-10-29T07:57:07.281Z",
    "duration": 9996,
    "testsRegistered": 3,
    "passPercent": 100,
    "pendingPercent": 0,
    "other": 0,
    "hasOther": false,
    "skipped": 0,
    "hasSkipped": false
  },
  "results": [
    {
      "uuid": "19ea2dc7-785b-403b-bfc9-cd8c3cbfa124",
      "title": "",
      "fullFile": "cypress\\e2e\\LoginTests.cy.js",
      "file": "cypress\\e2e\\LoginTests.cy.js",
      "beforeHooks": [],
      "afterHooks": [],
      "tests": [],
      "suites": [
        {
          "uuid": "3c543f6a-a390-4fbc-9462-051886aa17ab",
          "title": "All login test list",
          "fullFile": "",
          "file": "",
          "beforeHooks": [],
          "afterHooks": [],
          "tests": [
            {
              "title": "Login test with valid Credentials",
              "fullTitle": "All login test list Login test with valid Credentials",
              "timedOut": null,
              "duration": 2851,
              "state": "passed",
              "speed": "fast",
              "pass": true,
              "fail": false,
              "pending": false,
              "context": null,
              "code": "loginPage.enterUsername('demo');\nloginPage.enterPassword('demo');\nloginPage.ClickLoginButton();",
              "err": {},
              "uuid": "db1a3445-32dd-40f0-8c97-f1edbe086f6f",
              "parentUUID": "3c543f6a-a390-4fbc-9462-051886aa17ab",
              "isHook": false,
              "skipped": false
            },
            {
              "title": "Login test with invalid Credentials",
              "fullTitle": "All login test list Login test with invalid Credentials",
              "timedOut": null,
              "duration": 1241,
              "state": "passed",
              "speed": "fast",
              "pass": true,
              "fail": false,
              "pending": false,
              "context": null,
              "code": "loginPage.enterUsername('demo');\nloginPage.enterPassword('demothet');\nloginPage.ClickLoginButton();\ncy.contains('Incorrect username or password.');",
              "err": {},
              "uuid": "4e2074d1-640a-4f59-850c-890e71385aee",
              "parentUUID": "3c543f6a-a390-4fbc-9462-051886aa17ab",
              "isHook": false,
              "skipped": false
            },
            {
              "title": "Login test with No Credentials",
              "fullTitle": "All login test list Login test with No Credentials",
              "timedOut": null,
              "duration": 1229,
              "state": "passed",
              "speed": "fast",
              "pass": true,
              "fail": false,
              "pending": false,
              "context": null,
              "code": "loginPage.ClickLoginButton();\ncy.contains('You must provide a username and a password.');",
              "err": {},
              "uuid": "d2baafd3-c02c-4acb-b6d5-d99b3255a5c4",
              "parentUUID": "3c543f6a-a390-4fbc-9462-051886aa17ab",
              "isHook": false,
              "skipped": false
            }
          ],
          "suites": [],
          "passes": [
            "db1a3445-32dd-40f0-8c97-f1edbe086f6f",
            "4e2074d1-640a-4f59-850c-890e71385aee",
            "d2baafd3-c02c-4acb-b6d5-d99b3255a5c4"
          ],
          "failures": [],
          "pending": [],
          "skipped": [],
          "duration": 5321,
          "root": false,
          "rootEmpty": false,
          "_timeout": 2000
        }
      ],
      "passes": [],
      "failures": [],
      "pending": [],
      "skipped": [],
      "duration": 0,
      "root": true,
      "rootEmpty": true,
      "_timeout": 2000
    }
  ],
  "meta": {
    "mocha": {
      "version": "7.0.1"
    },
    "mochawesome": {
      "options": {
        "quiet": false,
        "reportFilename": "[name]-[datetime]",
        "saveHtml": false,
        "saveJson": true,
        "consoleReporter": "spec",
        "useInlineDiffs": false,
        "code": true
      },
      "version": "7.1.3"
    },
    "marge": {
      "options": {
        "charts": true,
        "reportDir": "cypress/mochawesome-report",
        "reportFilename": "[name]-[datetime]",
        "overwrite": false,
        "html": false,
        "json": true
      },
      "version": "6.2.0"
    }
  }
}