{
  "stats": {
    "suites": 1,
    "tests": 1,
    "passes": 1,
    "pending": 0,
    "failures": 0,
    "start": "2024-10-29T07:57:13.876Z",
    "end": "2024-10-29T07:57:19.278Z",
    "duration": 5402,
    "testsRegistered": 1,
    "passPercent": 100,
    "pendingPercent": 0,
    "other": 0,
    "hasOther": false,
    "skipped": 0,
    "hasSkipped": false
  },
  "results": [
    {
      "uuid": "48114855-063b-44ac-bf8a-1fc369ad789c",
      "title": "",
      "fullFile": "cypress\\e2e\\StartApp.cy.js",
      "file": "cypress\\e2e\\StartApp.cy.js",
      "beforeHooks": [],
      "afterHooks": [],
      "tests": [],
      "suites": [
        {
          "uuid": "5ae5dd77-633f-47f3-8d0a-3fe37006da36",
          "title": "template spec",
          "fullFile": "",
          "file": "",
          "beforeHooks": [],
          "afterHooks": [],
          "tests": [
            {
              "title": "Has Application Started",
              "fullTitle": "template spec Has Application Started",
              "timedOut": null,
              "duration": 813,
              "state": "passed",
              "speed": "fast",
              "pass": true,
              "fail": false,
              "pending": false,
              "context": null,
              "code": "cy.log('Checking if application has started');\ncy.visit('http://localhost:5044/Home/Login');",
              "err": {},
              "uuid": "7780d8dd-ed2b-4e89-a2c4-d6dd30071fd1",
              "parentUUID": "5ae5dd77-633f-47f3-8d0a-3fe37006da36",
              "isHook": false,
              "skipped": false
            }
          ],
          "suites": [],
          "passes": [
            "7780d8dd-ed2b-4e89-a2c4-d6dd30071fd1"
          ],
          "failures": [],
          "pending": [],
          "skipped": [],
          "duration": 813,
          "root": false,
          "rootEmpty": false,
          "_timeout": 2000
        }
      ],
      "passes": [],
      "failures": [],
      "pending": [],
      "skipped": [],
      "duration": 0,
      "root": true,
      "rootEmpty": true,
      "_timeout": 2000
    }
  ],
  "meta": {
    "mocha": {
      "version": "7.0.1"
    },
    "mochawesome": {
      "options": {
        "quiet": false,
        "reportFilename": "[name]-[datetime]",
        "saveHtml": false,
        "saveJson": true,
        "consoleReporter": "spec",
        "useInlineDiffs": false,
        "code": true
      },
      "version": "7.1.3"
    },
    "marge": {
      "options": {
        "charts": true,
        "reportDir": "cypress/mochawesome-report",
        "reportFilename": "[name]-[datetime]",
        "overwrite": false,
        "html": false,
        "json": true
      },
      "version": "6.2.0"
    }
  }
}